0 info it worked if it ends with ok
1 verbose cli [ '/Users/alexis/.nvm/versions/node/v6.10.0/bin/node',
1 verbose cli   '/Users/alexis/.nvm/versions/node/v6.10.0/bin/npm',
1 verbose cli   'run',
1 verbose cli   'webpack-watch' ]
2 info using npm@3.10.10
3 info using node@v6.10.0
4 verbose run-script [ 'prewebpack-watch', 'webpack-watch', 'postwebpack-watch' ]
5 info lifecycle kmtr1x-app@1.0.0~prewebpack-watch: kmtr1x-app@1.0.0
6 silly lifecycle kmtr1x-app@1.0.0~prewebpack-watch: no script for prewebpack-watch, continuing
7 info lifecycle kmtr1x-app@1.0.0~webpack-watch: kmtr1x-app@1.0.0
8 verbose lifecycle kmtr1x-app@1.0.0~webpack-watch: unsafe-perm in lifecycle true
9 verbose lifecycle kmtr1x-app@1.0.0~webpack-watch: PATH: /Users/alexis/.nvm/versions/node/v6.10.0/lib/node_modules/npm/bin/node-gyp-bin:/Users/alexis/Documents/dev/nodejs/projects/keymetrics/keymetrics-app/node_modules/.bin:/Users/alexis/.nvm/versions/node/v6.10.0/bin:/Library/Frameworks/Python.framework/Versions/2.7/bin:/usr/local/bin:/usr/bin:/bin:/usr/sbin:/sbin:/Users/alexis/Documents/mongodb/bin
10 verbose lifecycle kmtr1x-app@1.0.0~webpack-watch: CWD: /Users/alexis/Documents/dev/nodejs/projects/keymetrics/keymetrics-app
11 silly lifecycle kmtr1x-app@1.0.0~webpack-watch: Args: [ '-c', 'webpack --config config/webpack.js --watch --colors' ]
12 silly lifecycle kmtr1x-app@1.0.0~webpack-watch: Returned: code: 1  signal: null
13 info lifecycle kmtr1x-app@1.0.0~webpack-watch: Failed to exec webpack-watch script
14 verbose stack Error: kmtr1x-app@1.0.0 webpack-watch: `webpack --config config/webpack.js --watch --colors`
14 verbose stack Exit status 1
14 verbose stack     at EventEmitter.<anonymous> (/Users/alexis/.nvm/versions/node/v6.10.0/lib/node_modules/npm/lib/utils/lifecycle.js:255:16)
14 verbose stack     at emitTwo (events.js:106:13)
14 verbose stack     at EventEmitter.emit (events.js:191:7)
14 verbose stack     at ChildProcess.<anonymous> (/Users/alexis/.nvm/versions/node/v6.10.0/lib/node_modules/npm/lib/utils/spawn.js:40:14)
14 verbose stack     at emitTwo (events.js:106:13)
14 verbose stack     at ChildProcess.emit (events.js:191:7)
14 verbose stack     at maybeClose (internal/child_process.js:877:16)
14 verbose stack     at Process.ChildProcess._handle.onexit (internal/child_process.js:226:5)
15 verbose pkgid kmtr1x-app@1.0.0
16 verbose cwd /Users/alexis/Documents/dev/nodejs/projects/keymetrics/keymetrics-app
17 error Darwin 15.6.0
18 error argv "/Users/alexis/.nvm/versions/node/v6.10.0/bin/node" "/Users/alexis/.nvm/versions/node/v6.10.0/bin/npm" "run" "webpack-watch"
19 error node v6.10.0
20 error npm  v3.10.10
21 error code ELIFECYCLE
22 error kmtr1x-app@1.0.0 webpack-watch: `webpack --config config/webpack.js --watch --colors`
22 error Exit status 1
23 error Failed at the kmtr1x-app@1.0.0 webpack-watch script 'webpack --config config/webpack.js --watch --colors'.
23 error Make sure you have the latest version of node.js and npm installed.
23 error If you do, this is most likely a problem with the kmtr1x-app package,
23 error not with npm itself.
23 error Tell the author that this fails on your system:
23 error     webpack --config config/webpack.js --watch --colors
23 error You can get information on how to open an issue for this project with:
23 error     npm bugs kmtr1x-app
23 error Or if that isn't available, you can get their info via:
23 error     npm owner ls kmtr1x-app
23 error There is likely additional logging output above.
24 verbose exit [ 1, true ]
